<?xml version="1.0" encoding="UTF-8"?>
<!-- Generated by org.testng.reporters.JUnitReportReporter -->
<testsuite skipped="0" hostname="Riyaans-MacBook-Air.local" name="com.qa.tests.LoginTests" tests="3" failures="0" timestamp="2022-03-25T09:40:57 IST" time="11.628" errors="0">
  <testcase name="validUser" time="4.689" classname="com.qa.tests.LoginTests"/>
  <system-out/>
  <testcase name="invalidUserName" time="2.874" classname="com.qa.tests.LoginTests"/>
  <system-out/>
  <testcase name="invalidPassord" time="4.065" classname="com.qa.tests.LoginTests"/>
  <system-out/>
</testsuite> <!-- com.qa.tests.LoginTests -->
